[INFO] Scanning for projects...
[INFO] 
[INFO] ------------------------------------------------------------------------
[INFO] Building core.registry 0.0.1-SNAPSHOT
[INFO] ------------------------------------------------------------------------
[INFO] 
[INFO] >>> spring-boot-maven-plugin:2.0.2.RELEASE:run (default-cli) > test-compile @ core.registry >>>
[INFO] 
[INFO] --- maven-resources-plugin:3.0.1:resources (default-resources) @ core.registry ---
[INFO] Using 'UTF-8' encoding to copy filtered resources.
[INFO] Copying 1 resource
[INFO] Copying 0 resource
[INFO] 
[INFO] --- maven-compiler-plugin:3.7.0:compile (default-compile) @ core.registry ---
[INFO] Nothing to compile - all classes are up to date
[INFO] 
[INFO] --- maven-resources-plugin:3.0.1:testResources (default-testResources) @ core.registry ---
[INFO] Using 'UTF-8' encoding to copy filtered resources.
[INFO] skip non existing resourceDirectory /home/andre/Documents/ws-santander/TestBackJava/core/core.registry/src/test/resources
[INFO] 
[INFO] --- maven-compiler-plugin:3.7.0:testCompile (default-testCompile) @ core.registry ---
[INFO] Nothing to compile - all classes are up to date
[INFO] 
[INFO] <<< spring-boot-maven-plugin:2.0.2.RELEASE:run (default-cli) < test-compile @ core.registry <<<
[INFO] 
[INFO] 
[INFO] --- spring-boot-maven-plugin:2.0.2.RELEASE:run (default-cli) @ core.registry ---
