#
# There is insufficient memory for the Java Runtime Environment to continue.
# Native memory allocation (malloc) failed to allocate 32744 bytes for ChunkPool::allocate
# Possible reasons:
#   The system is out of physical RAM or swap space
#   The process is running with CompressedOops enabled, and the Java Heap may be blocking the growth of the native heap
# Possible solutions:
#   Reduce memory load on the system
#   Increase physical memory or swap space
#   Check if swap backing store is full
#   Decrease Java heap size (-Xmx/-Xms)
#   Decrease number of Java threads
#   Decrease Java thread stack sizes (-Xss)
#   Set larger code cache with -XX:ReservedCodeCacheSize=
#   JVM is running with Unscaled Compressed Oops mode in which the Java heap is
#     placed in the first 4GB address space. The Java Heap base address is the
#     maximum limit for the native heap growth. Please use -XX:HeapBaseMinAddress
#     to set the Java Heap base and to place the Java Heap above 4GB virtual address.
# This output file may be truncated or incomplete.
#
#  Out of Memory Error (allocation.cpp:273), pid=41708, tid=0x0000000000005418
#
# JRE version: Java(TM) SE Runtime Environment (8.0_201-b09) (build 1.8.0_201-b09)
# Java VM: Java HotSpot(TM) 64-Bit Server VM (25.201-b09 mixed mode windows-amd64 compressed oops)
# Failed to write core dump. Minidumps are not enabled by default on client versions of Windows
#

---------------  T H R E A D  ---------------

Current thread (0x000000001b699800):  JavaThread "http-nio-8082-exec-5" daemon [_thread_in_vm, id=21528, stack(0x0000000023360000,0x0000000023460000)]

Stack: [0x0000000023360000,0x0000000023460000]
[error occurred during error reporting (printing stack bounds), id 0xc0000005]

Native frames: (J=compiled Java code, j=interpreted, Vv=VM code, C=native code)

Java frames: (J=compiled Java code, j=interpreted, Vv=VM code)
J 987  java.lang.ClassLoader.defineClass1(Ljava/lang/String;[BIILjava/security/ProtectionDomain;Ljava/lang/String;)Ljava/lang/Class; (0 bytes) @ 0x0000000007f6bddf [0x0000000007f6bd40+0x9f]
J 829 C1 java.lang.ClassLoader.defineClass(Ljava/lang/String;[BIILjava/security/ProtectionDomain;)Ljava/lang/Class; (43 bytes) @ 0x0000000007f2b9bc [0x0000000007f2b8a0+0x11c]
J 832 C1 java.net.URLClassLoader.defineClass(Ljava/lang/String;Lsun/misc/Resource;)Ljava/lang/Class; (142 bytes) @ 0x0000000007f2e764 [0x0000000007f2dd60+0xa04]
J 752 C1 java.net.URLClassLoader$1.run()Ljava/lang/Class; (63 bytes) @ 0x0000000007f07bcc [0x0000000007f07b00+0xcc]
J 751 C1 java.net.URLClassLoader$1.run()Ljava/lang/Object; (5 bytes) @ 0x0000000007f077dc [0x0000000007f077a0+0x3c]
v  ~StubRoutines::call_stub
J 265  java.security.AccessController.doPrivileged(Ljava/security/PrivilegedExceptionAction;Ljava/security/AccessControlContext;)Ljava/lang/Object; (0 bytes) @ 0x0000000007e3bbe6 [0x0000000007e3bb80+0x66]
J 717 C1 java.net.URLClassLoader.findClass(Ljava/lang/String;)Ljava/lang/Class; (47 bytes) @ 0x0000000007ef8c5c [0x0000000007ef8ba0+0xbc]
j  java.lang.ClassLoader.loadClass(Ljava/lang/String;Z)Ljava/lang/Class;+70
J 659 C1 sun.misc.Launcher$AppClassLoader.loadClass(Ljava/lang/String;Z)Ljava/lang/Class; (85 bytes) @ 0x0000000007ed5db4 [0x0000000007ed5ac0+0x2f4]
J 657 C1 java.lang.ClassLoader.loadClass(Ljava/lang/String;)Ljava/lang/Class; (7 bytes) @ 0x0000000007ed53bc [0x0000000007ed5360+0x5c]
v  ~StubRoutines::call_stub
j  org.springframework.web.servlet.mvc.method.annotation.HttpEntityMethodProcessor.supportsReturnType(Lorg/springframework/core/MethodParameter;)Z+12
j  org.springframework.web.method.support.HandlerMethodReturnValueHandlerComposite.selectHandler(Ljava/lang/Object;Lorg/springframework/core/MethodParameter;)Lorg/springframework/web/method/support/HandlerMethodReturnValueHandler;+58
j  org.springframework.web.method.support.HandlerMethodReturnValueHandlerComposite.handleReturnValue(Ljava/lang/Object;Lorg/springframework/core/MethodParameter;Lorg/springframework/web/method/support/ModelAndViewContainer;Lorg/springframework/web/context/request/NativeWebRequest;)V+3
j  org.springframework.web.servlet.mvc.method.annotation.ServletInvocableHandlerMethod.invokeAndHandle(Lorg/springframework/web/context/request/ServletWebRequest;Lorg/springframework/web/method/support/ModelAndViewContainer;[Ljava/lang/Object;)V+99
j  org.springframework.web.servlet.mvc.method.annotation.RequestMappingHandlerAdapter.invokeHandlerMethod(Ljavax/servlet/http/HttpServletRequest;Ljavax/servlet/http/HttpServletResponse;Lorg/springframework/web/method/HandlerMethod;)Lorg/springframework/web/servlet/ModelAndView;+276
j  org.springframework.web.servlet.mvc.method.annotation.RequestMappingHandlerAdapter.handleInternal(Ljavax/servlet/http/HttpServletRequest;Ljavax/servlet/http/HttpServletResponse;Lorg/springframework/web/method/HandlerMethod;)Lorg/springframework/web/servlet/ModelAndView;+81
j  org.springframework.web.servlet.mvc.method.AbstractHandlerMethodAdapter.handle(Ljavax/servlet/http/HttpServletRequest;Ljavax/servlet/http/HttpServletResponse;Ljava/lang/Object;)Lorg/springframework/web/servlet/ModelAndView;+7
j  org.springframework.web.servlet.DispatcherServlet.doDispatch(Ljavax/servlet/http/HttpServletRequest;Ljavax/servlet/http/HttpServletResponse;)V+310
j  org.springframework.web.servlet.DispatcherServlet.doService(Ljavax/servlet/http/HttpServletRequest;Ljavax/servlet/http/HttpServletResponse;)V+308
j  org.springframework.web.servlet.FrameworkServlet.processRequest(Ljavax/servlet/http/HttpServletRequest;Ljavax/servlet/http/HttpServletResponse;)V+71
j  org.springframework.web.servlet.FrameworkServlet.doGet(Ljavax/servlet/http/HttpServletRequest;Ljavax/servlet/http/HttpServletResponse;)V+3
j  javax.servlet.http.HttpServlet.service(Ljavax/servlet/http/HttpServletRequest;Ljavax/servlet/http/HttpServletResponse;)V+35
j  org.springframework.web.servlet.FrameworkServlet.service(Ljavax/servlet/http/HttpServletRequest;Ljavax/servlet/http/HttpServletResponse;)V+33
j  javax.servlet.http.HttpServlet.service(Ljavax/servlet/ServletRequest;Ljavax/servlet/ServletResponse;)V+30
j  org.apache.catalina.core.ApplicationFilterChain.internalDoFilter(Ljavax/servlet/ServletRequest;Ljavax/servlet/ServletResponse;)V+304
j  org.apache.catalina.core.ApplicationFilterChain.doFilter(Ljavax/servlet/ServletRequest;Ljavax/servlet/ServletResponse;)V+101
j  org.apache.tomcat.websocket.server.WsFilter.doFilter(Ljavax/servlet/ServletRequest;Ljavax/servlet/ServletResponse;Ljavax/servlet/FilterChain;)V+21
j  org.apache.catalina.core.ApplicationFilterChain.internalDoFilter(Ljavax/servlet/ServletRequest;Ljavax/servlet/ServletResponse;)V+135
j  org.apache.catalina.core.ApplicationFilterChain.doFilter(Ljavax/servlet/ServletRequest;Ljavax/servlet/ServletResponse;)V+101
j  org.springframework.boot.actuate.web.trace.servlet.HttpTraceFilter.doFilterInternal(Ljavax/servlet/http/HttpServletRequest;Ljavax/servlet/http/HttpServletResponse;Ljavax/servlet/FilterChain;)V+49
j  org.springframework.web.filter.OncePerRequestFilter.doFilter(Ljavax/servlet/ServletRequest;Ljavax/servlet/ServletResponse;Ljavax/servlet/FilterChain;)V+111
j  org.apache.catalina.core.ApplicationFilterChain.internalDoFilter(Ljavax/servlet/ServletRequest;Ljavax/servlet/ServletResponse;)V+135
j  org.apache.catalina.core.ApplicationFilterChain.doFilter(Ljavax/servlet/ServletRequest;Ljavax/servlet/ServletResponse;)V+101
j  org.springframework.security.web.FilterChainProxy$VirtualFilterChain.doFilter(Ljavax/servlet/ServletRequest;Ljavax/servlet/ServletResponse;)V+68
j  org.springframework.security.web.access.intercept.FilterSecurityInterceptor.invoke(Lorg/springframework/security/web/FilterInvocation;)V+94
j  org.springframework.security.web.access.intercept.FilterSecurityInterceptor.doFilter(Ljavax/servlet/ServletRequest;Ljavax/servlet/ServletResponse;Ljavax/servlet/FilterChain;)V+15
j  org.springframework.security.web.FilterChainProxy$VirtualFilterChain.doFilter(Ljavax/servlet/ServletRequest;Ljavax/servlet/ServletResponse;)V+192
j  org.springframework.security.web.access.ExceptionTranslationFilter.doFilter(Ljavax/servlet/ServletRequest;Ljavax/servlet/ServletResponse;Ljavax/servlet/FilterChain;)V+17
j  org.springframework.security.web.FilterChainProxy$VirtualFilterChain.doFilter(Ljavax/servlet/ServletRequest;Ljavax/servlet/ServletResponse;)V+192
j  org.springframework.security.web.session.SessionManagementFilter.doFilter(Ljavax/servlet/ServletRequest;Ljavax/servlet/ServletResponse;Ljavax/servlet/FilterChain;)V+258
j  org.springframework.security.web.FilterChainProxy$VirtualFilterChain.doFilter(Ljavax/servlet/ServletRequest;Ljavax/servlet/ServletResponse;)V+192
j  org.springframework.security.web.authentication.AnonymousAuthenticationFilter.doFilter(Ljavax/servlet/ServletRequest;Ljavax/servlet/ServletResponse;Ljavax/servlet/FilterChain;)V+137
j  org.springframework.security.web.FilterChainProxy$VirtualFilterChain.doFilter(Ljavax/servlet/ServletRequest;Ljavax/servlet/ServletResponse;)V+192
j  org.springframework.security.web.servletapi.SecurityContextHolderAwareRequestFilter.doFilter(Ljavax/servlet/ServletRequest;Ljavax/servlet/ServletResponse;Ljavax/servlet/FilterChain;)V+19
j  org.springframework.security.web.FilterChainProxy$VirtualFilterChain.doFilter(Ljavax/servlet/ServletRequest;Ljavax/servlet/ServletResponse;)V+192
j  org.springframework.security.web.savedrequest.RequestCacheAwareFilter.doFilter(Ljavax/servlet/ServletRequest;Ljavax/servlet/ServletResponse;Ljavax/servlet/FilterChain;)V+32
j  org.springframework.security.web.FilterChainProxy$VirtualFilterChain.doFilter(Ljavax/servlet/ServletRequest;Ljavax/servlet/ServletResponse;)V+192
j  org.springframework.security.oauth2.provider.authentication.OAuth2AuthenticationProcessingFilter.doFilter(Ljavax/servlet/ServletRequest;Ljavax/servlet/ServletResponse;Ljavax/servlet/FilterChain;)V+313
j  org.springframework.security.web.FilterChainProxy$VirtualFilterChain.doFilter(Ljavax/servlet/ServletRequest;Ljavax/servlet/ServletResponse;)V+192
j  org.springframework.security.web.authentication.logout.LogoutFilter.doFilter(Ljavax/servlet/ServletRequest;Ljavax/servlet/ServletResponse;Ljavax/servlet/FilterChain;)V+115
j  org.springframework.security.web.FilterChainProxy$VirtualFilterChain.doFilter(Ljavax/servlet/ServletRequest;Ljavax/servlet/ServletResponse;)V+192
j  org.springframework.security.web.header.HeaderWriterFilter.doFilterInternal(Ljavax/servlet/http/HttpServletRequest;Ljavax/servlet/http/HttpServletResponse;Ljavax/servlet/FilterChain;)V+19
j  org.springframework.web.filter.OncePerRequestFilter.doFilter(Ljavax/servlet/ServletRequest;Ljavax/servlet/ServletResponse;Ljavax/servlet/FilterChain;)V+111
j  org.springframework.security.web.FilterChainProxy$VirtualFilterChain.doFilter(Ljavax/servlet/ServletRequest;Ljavax/servlet/ServletResponse;)V+192
j  org.springframework.security.web.context.SecurityContextPersistenceFilter.doFilter(Ljavax/servlet/ServletRequest;Ljavax/servlet/ServletResponse;Ljavax/servlet/FilterChain;)V+165
j  org.springframework.security.web.FilterChainProxy$VirtualFilterChain.doFilter(Ljavax/servlet/ServletRequest;Ljavax/servlet/ServletResponse;)V+192
j  org.springframework.security.web.context.request.async.WebAsyncManagerIntegrationFilter.doFilterInternal(Ljavax/servlet/http/HttpServletRequest;Ljavax/servlet/http/HttpServletResponse;Ljavax/servlet/FilterChain;)V+42
j  org.springframework.web.filter.OncePerRequestFilter.doFilter(Ljavax/servlet/ServletRequest;Ljavax/servlet/ServletResponse;Ljavax/servlet/FilterChain;)V+111
j  org.springframework.security.web.FilterChainProxy$VirtualFilterChain.doFilter(Ljavax/servlet/ServletRequest;Ljavax/servlet/ServletResponse;)V+192
j  org.springframework.security.web.FilterChainProxy.doFilterInternal(Ljavax/servlet/ServletRequest;Ljavax/servlet/ServletResponse;Ljavax/servlet/FilterChain;)V+142
j  org.springframework.security.web.FilterChainProxy.doFilter(Ljavax/servlet/ServletRequest;Ljavax/servlet/ServletResponse;Ljavax/servlet/FilterChain;)V+40
j  org.springframework.web.filter.DelegatingFilterProxy.invokeDelegate(Ljavax/servlet/Filter;Ljavax/servlet/ServletRequest;Ljavax/servlet/ServletResponse;Ljavax/servlet/FilterChain;)V+5
j  org.springframework.web.filter.DelegatingFilterProxy.doFilter(Ljavax/servlet/ServletRequest;Ljavax/servlet/ServletResponse;Ljavax/servlet/FilterChain;)V+85
j  org.apache.catalina.core.ApplicationFilterChain.internalDoFilter(Ljavax/servlet/ServletRequest;Ljavax/servlet/ServletResponse;)V+135
j  org.apache.catalina.core.ApplicationFilterChain.doFilter(Ljavax/servlet/ServletRequest;Ljavax/servlet/ServletResponse;)V+101
j  org.springframework.web.filter.RequestContextFilter.doFilterInternal(Ljavax/servlet/http/HttpServletRequest;Ljavax/servlet/http/HttpServletResponse;Ljavax/servlet/FilterChain;)V+21
j  org.springframework.web.filter.OncePerRequestFilter.doFilter(Ljavax/servlet/ServletRequest;Ljavax/servlet/ServletResponse;Ljavax/servlet/FilterChain;)V+111
j  org.apache.catalina.core.ApplicationFilterChain.internalDoFilter(Ljavax/servlet/ServletRequest;Ljavax/servlet/ServletResponse;)V+135
j  org.apache.catalina.core.ApplicationFilterChain.doFilter(Ljavax/servlet/ServletRequest;Ljavax/servlet/ServletResponse;)V+101
j  org.springframework.web.filter.HttpPutFormContentFilter.doFilterInternal(Ljavax/servlet/http/HttpServletRequest;Ljavax/servlet/http/HttpServletResponse;Ljavax/servlet/FilterChain;)V+95
j  org.springframework.web.filter.OncePerRequestFilter.doFilter(Ljavax/servlet/ServletRequest;Ljavax/servlet/ServletResponse;Ljavax/servlet/FilterChain;)V+111
j  org.apache.catalina.core.ApplicationFilterChain.internalDoFilter(Ljavax/servlet/ServletRequest;Ljavax/servlet/ServletResponse;)V+135
j  org.apache.catalina.core.ApplicationFilterChain.doFilter(Ljavax/servlet/ServletRequest;Ljavax/servlet/ServletResponse;)V+101
j  org.springframework.web.filter.HiddenHttpMethodFilter.doFilterInternal(Ljavax/servlet/http/HttpServletRequest;Ljavax/servlet/http/HttpServletResponse;Ljavax/servlet/FilterChain;)V+87
j  org.springframework.web.filter.OncePerRequestFilter.doFilter(Ljavax/servlet/ServletRequest;Ljavax/servlet/ServletResponse;Ljavax/servlet/FilterChain;)V+111
j  org.apache.catalina.core.ApplicationFilterChain.internalDoFilter(Ljavax/servlet/ServletRequest;Ljavax/servlet/ServletResponse;)V+135
j  org.apache.catalina.core.ApplicationFilterChain.doFilter(Ljavax/servlet/ServletRequest;Ljavax/servlet/ServletResponse;)V+101
j  org.springframework.boot.actuate.metrics.web.servlet.WebMvcMetricsFilter.filterAndRecordMetrics(Ljavax/servlet/http/HttpServletRequest;Ljavax/servlet/http/HttpServletResponse;Ljavax/servlet/FilterChain;Ljava/lang/Object;)V+23
j  org.springframework.boot.actuate.metrics.web.servlet.WebMvcMetricsFilter.filterAndRecordMetrics(Ljavax/servlet/http/HttpServletRequest;Ljavax/servlet/http/HttpServletResponse;Ljavax/servlet/FilterChain;)V+39
j  org.springframework.boot.actuate.metrics.web.servlet.WebMvcMetricsFilter.doFilterInternal(Ljavax/servlet/http/HttpServletRequest;Ljavax/servlet/http/HttpServletResponse;Ljavax/servlet/FilterChain;)V+4
j  org.springframework.web.filter.OncePerRequestFilter.doFilter(Ljavax/servlet/ServletRequest;Ljavax/servlet/ServletResponse;Ljavax/servlet/FilterChain;)V+111
j  org.apache.catalina.core.ApplicationFilterChain.internalDoFilter(Ljavax/servlet/ServletRequest;Ljavax/servlet/ServletResponse;)V+135
j  org.apache.catalina.core.ApplicationFilterChain.doFilter(Ljavax/servlet/ServletRequest;Ljavax/servlet/ServletResponse;)V+101
j  org.springframework.web.filter.CharacterEncodingFilter.doFilterInternal(Ljavax/servlet/http/HttpServletRequest;Ljavax/servlet/http/HttpServletResponse;Ljavax/servlet/FilterChain;)V+53
j  org.springframework.web.filter.OncePerRequestFilter.doFilter(Ljavax/servlet/ServletRequest;Ljavax/servlet/ServletResponse;Ljavax/servlet/FilterChain;)V+111
j  org.apache.catalina.core.ApplicationFilterChain.internalDoFilter(Ljavax/servlet/ServletRequest;Ljavax/servlet/ServletResponse;)V+135
j  org.apache.catalina.core.ApplicationFilterChain.doFilter(Ljavax/servlet/ServletRequest;Ljavax/servlet/ServletResponse;)V+101
j  org.apache.catalina.core.StandardWrapperValve.invoke(Lorg/apache/catalina/connector/Request;Lorg/apache/catalina/connector/Response;)V+688
j  org.apache.catalina.core.StandardContextValve.invoke(Lorg/apache/catalina/connector/Request;Lorg/apache/catalina/connector/Response;)V+166
j  org.apache.catalina.authenticator.AuthenticatorBase.invoke(Lorg/apache/catalina/connector/Request;Lorg/apache/catalina/connector/Response;)V+260
j  org.apache.catalina.core.StandardHostValve.invoke(Lorg/apache/catalina/connector/Request;Lorg/apache/catalina/connector/Response;)V+138
j  org.apache.catalina.valves.ErrorReportValve.invoke(Lorg/apache/catalina/connector/Request;Lorg/apache/catalina/connector/Response;)V+6
j  org.apache.catalina.core.StandardEngineValve.invoke(Lorg/apache/catalina/connector/Request;Lorg/apache/catalina/connector/Response;)V+71
j  org.apache.catalina.connector.CoyoteAdapter.service(Lorg/apache/coyote/Request;Lorg/apache/coyote/Response;)V+199
j  org.apache.coyote.http11.Http11Processor.service(Lorg/apache/tomcat/util/net/SocketWrapperBase;)Lorg/apache/tomcat/util/net/AbstractEndpoint$Handler$SocketState;+806
j  org.apache.coyote.AbstractProcessorLight.process(Lorg/apache/tomcat/util/net/SocketWrapperBase;Lorg/apache/tomcat/util/net/SocketEvent;)Lorg/apache/tomcat/util/net/AbstractEndpoint$Handler$SocketState;+113
j  org.apache.coyote.AbstractProtocol$ConnectionHandler.process(Lorg/apache/tomcat/util/net/SocketWrapperBase;Lorg/apache/tomcat/util/net/SocketEvent;)Lorg/apache/tomcat/util/net/AbstractEndpoint$Handler$SocketState;+414
j  org.apache.tomcat.util.net.NioEndpoint$SocketProcessor.doRun()V+191
j  org.apache.tomcat.util.net.SocketProcessorBase.run()V+21
j  java.util.concurrent.ThreadPoolExecutor.runWorker(Ljava/util/concurrent/ThreadPoolExecutor$Worker;)V+95
j  java.util.concurrent.ThreadPoolExecutor$Worker.run()V+5
j  org.apache.tomcat.util.threads.TaskThread$WrappingRunnable.run()V+4
j  java.lang.Thread.run()V+11
v  ~StubRoutines::call_stub

---------------  P R O C E S S  ---------------

Java Threads: ( => current thread )
  0x00000000202c9000 JavaThread "Keep-Alive-Timer" daemon [_thread_blocked, id=31780, stack(0x0000000024a60000,0x0000000024b60000)]
  0x00000000202cc800 JavaThread "DiscoveryClient-HeartbeatExecutor-0" daemon [_thread_blocked, id=15060, stack(0x0000000024960000,0x0000000024a60000)]
  0x00000000202cb000 JavaThread "DiscoveryClient-CacheRefreshExecutor-0" daemon [_thread_blocked, id=30640, stack(0x0000000024860000,0x0000000024960000)]
  0x00000000202ca800 JavaThread "RMI TCP Connection(idle)" daemon [_thread_blocked, id=41940, stack(0x0000000024360000,0x0000000024460000)]
  0x00000000202cc000 JavaThread "RMI TCP Connection(idle)" daemon [_thread_blocked, id=18492, stack(0x0000000024160000,0x0000000024260000)]
  0x00000000202c9800 JavaThread "RMI TCP Connection(idle)" daemon [_thread_blocked, id=22212, stack(0x0000000024060000,0x0000000024160000)]
  0x00000000202c2000 JavaThread "RMI TCP Connection(idle)" daemon [_thread_blocked, id=42232, stack(0x0000000023f60000,0x0000000024060000)]
  0x00000000202c1800 JavaThread "RMI TCP Connection(idle)" daemon [_thread_blocked, id=8196, stack(0x0000000023d60000,0x0000000023e60000)]
  0x00000000202c4800 JavaThread "DestroyJavaVM" [_thread_blocked, id=8564, stack(0x0000000002de0000,0x0000000002ee0000)]
  0x00000000202c8000 JavaThread "http-nio-8082-AsyncTimeout" daemon [_thread_blocked, id=2648, stack(0x0000000023c60000,0x0000000023d60000)]
  0x00000000202c3800 JavaThread "http-nio-8082-Acceptor-0" daemon [_thread_in_native, id=12492, stack(0x0000000023b60000,0x0000000023c60000)]
  0x00000000202c0800 JavaThread "http-nio-8082-ClientPoller-1" daemon [_thread_in_native, id=32860, stack(0x0000000023a60000,0x0000000023b60000)]
  0x00000000202c6800 JavaThread "http-nio-8082-ClientPoller-0" daemon [_thread_in_native, id=35464, stack(0x0000000023960000,0x0000000023a60000)]
  0x00000000202c7800 JavaThread "http-nio-8082-exec-10" daemon [_thread_blocked, id=43420, stack(0x0000000023860000,0x0000000023960000)]
  0x00000000202c5000 JavaThread "http-nio-8082-exec-9" daemon [_thread_blocked, id=14248, stack(0x0000000023760000,0x0000000023860000)]
  0x00000000202c0000 JavaThread "http-nio-8082-exec-8" daemon [_thread_blocked, id=43696, stack(0x0000000023660000,0x0000000023760000)]
  0x00000000202c3000 JavaThread "http-nio-8082-exec-7" daemon [_thread_blocked, id=43728, stack(0x0000000023560000,0x0000000023660000)]
  0x00000000202c6000 JavaThread "http-nio-8082-exec-6" daemon [_thread_blocked, id=12420, stack(0x0000000023460000,0x0000000023560000)]
=>0x000000001b699800 JavaThread "http-nio-8082-exec-5" daemon [_thread_in_vm, id=21528, stack(0x0000000023360000,0x0000000023460000)]
  0x000000001b69b000 JavaThread "http-nio-8082-exec-4" daemon [_thread_blocked, id=42404, stack(0x0000000023260000,0x0000000023360000)]
  0x000000001dd6f800 JavaThread "http-nio-8082-exec-3" daemon [_thread_blocked, id=40764, stack(0x0000000023160000,0x0000000023260000)]
  0x000000001dd6d000 JavaThread "http-nio-8082-exec-2" daemon [_thread_blocked, id=33444, stack(0x0000000023060000,0x0000000023160000)]
  0x000000001dd6e000 JavaThread "http-nio-8082-exec-1" daemon [_thread_blocked, id=29132, stack(0x0000000022f60000,0x0000000023060000)]
  0x000000001dd6c800 JavaThread "NioBlockingSelector.BlockPoller-1" daemon [_thread_in_native, id=34464, stack(0x0000000022e60000,0x0000000022f60000)]
  0x000000001dd6e800 JavaThread "pool-1-thread-3" [_thread_blocked, id=30948, stack(0x0000000022d60000,0x0000000022e60000)]
  0x000000001dd65000 JavaThread "pool-1-thread-2" [_thread_blocked, id=42608, stack(0x0000000022c60000,0x0000000022d60000)]
  0x000000001dd6b800 JavaThread "AMQP Connection 127.0.0.1:5672" [_thread_in_native, id=38196, stack(0x0000000022b60000,0x0000000022c60000)]
  0x000000001dd64000 JavaThread "SimpleAsyncTaskExecutor-1" [_thread_blocked, id=40592, stack(0x0000000022860000,0x0000000022960000)]
  0x000000001dd6b000 JavaThread "DiscoveryClient-InstanceInfoReplicator-0" daemon [_thread_blocked, id=27492, stack(0x0000000022760000,0x0000000022860000)]
  0x000000001dd6a000 JavaThread "DiscoveryClient-1" daemon [_thread_blocked, id=43064, stack(0x0000000022660000,0x0000000022760000)]
  0x000000001dd69800 JavaThread "DiscoveryClient-0" daemon [_thread_blocked, id=35716, stack(0x0000000022560000,0x0000000022660000)]
  0x000000001dd63800 JavaThread "AsyncResolver-bootstrap-0" daemon [_thread_blocked, id=19324, stack(0x0000000022360000,0x0000000022460000)]
  0x000000001dd68800 JavaThread "Eureka-JerseyClient-Conn-Cleaner2" daemon [_thread_blocked, id=41348, stack(0x0000000022260000,0x0000000022360000)]
  0x000000001dd68000 JavaThread "HikariPool-1 housekeeper" daemon [_thread_blocked, id=43920, stack(0x000000001fa90000,0x000000001fb90000)]
  0x000000001dd66800 JavaThread "container-0" [_thread_blocked, id=29220, stack(0x000000001f990000,0x000000001fa90000)]
  0x000000001dd60800 JavaThread "ContainerBackgroundProcessor[StandardEngine[Tomcat]]" daemon [_thread_blocked, id=34332, stack(0x000000001f890000,0x000000001f990000)]
  0x000000001dd65800 JavaThread "spring.cloud.inetutils" daemon [_thread_blocked, id=21756, stack(0x000000001f590000,0x000000001f690000)]
  0x000000001dd62800 JavaThread "Abandoned connection cleanup thread" daemon [_thread_blocked, id=43380, stack(0x000000001f490000,0x000000001f590000)]
  0x000000001b69a800 JavaThread "SimplePauseDetectorThread_0" daemon [_thread_blocked, id=13676, stack(0x000000001f190000,0x000000001f290000)]
  0x000000001b69c000 JavaThread "Thread-5" daemon [_thread_blocked, id=29280, stack(0x000000001f090000,0x000000001f190000)]
  0x000000001b1e9000 JavaThread "JMX server connection timeout 21" daemon [_thread_blocked, id=19868, stack(0x000000001c1c0000,0x000000001c2c0000)]
  0x000000001b19b800 JavaThread "RMI TCP Connection(idle)" daemon [_thread_blocked, id=33756, stack(0x000000001c0c0000,0x000000001c1c0000)]
  0x000000001b16b800 JavaThread "RMI Scheduler(0)" daemon [_thread_blocked, id=43120, stack(0x000000001bfc0000,0x000000001c0c0000)]
  0x000000001b167000 JavaThread "RMI TCP Connection(idle)" daemon [_thread_blocked, id=10976, stack(0x000000001bdc0000,0x000000001bec0000)]
  0x000000001af59000 JavaThread "RMI TCP Accept-0" daemon [_thread_in_native, id=32244, stack(0x0000000007820000,0x0000000007920000)]
  0x000000001af50000 JavaThread "RMI TCP Accept-62770" daemon [_thread_in_native, id=30696, stack(0x0000000007720000,0x0000000007820000)]
  0x000000001af42800 JavaThread "RMI TCP Accept-0" daemon [_thread_in_native, id=14936, stack(0x0000000007620000,0x0000000007720000)]
  0x0000000006668000 JavaThread "Service Thread" daemon [_thread_blocked, id=33276, stack(0x0000000006c20000,0x0000000006d20000)]
  0x0000000006662000 JavaThread "C1 CompilerThread2" daemon [_thread_blocked, id=43456, stack(0x0000000006b20000,0x0000000006c20000)]
  0x0000000004c3e000 JavaThread "C2 CompilerThread1" daemon [_thread_blocked, id=14956, stack(0x0000000006a20000,0x0000000006b20000)]
  0x0000000004c25800 JavaThread "C2 CompilerThread0" daemon [_thread_blocked, id=38664, stack(0x0000000006520000,0x0000000006620000)]
  0x0000000004c1a800 JavaThread "JDWP Command Reader" daemon [_thread_in_native, id=28688, stack(0x0000000006420000,0x0000000006520000)]
  0x0000000004c17800 JavaThread "JDWP Event Helper Thread" daemon [_thread_blocked, id=24788, stack(0x0000000006320000,0x0000000006420000)]
  0x0000000004c0c800 JavaThread "JDWP Transport Listener: dt_socket" daemon [_thread_blocked, id=16600, stack(0x0000000006220000,0x0000000006320000)]
  0x0000000004bff000 JavaThread "Attach Listener" daemon [_thread_blocked, id=37164, stack(0x0000000006120000,0x0000000006220000)]
  0x0000000004bfc000 JavaThread "Signal Dispatcher" daemon [_thread_blocked, id=35432, stack(0x0000000006020000,0x0000000006120000)]
  0x0000000004bd6000 JavaThread "Finalizer" daemon [_thread_blocked, id=7488, stack(0x0000000005e30000,0x0000000005f30000)]
  0x0000000004bcb000 JavaThread "Reference Handler" daemon [_thread_blocked, id=42352, stack(0x0000000005d30000,0x0000000005e30000)]

Other Threads:
  0x0000000004ba5800 VMThread [stack: 0x0000000005c30000,0x0000000005d30000] [id=37904]
  0x000000001af5b000 WatcherThread [stack: 0x0000000007920000,0x0000000007a20000] [id=43688]

VM state:not at safepoint (normal execution)

VM Mutex/Monitor currently owned by a thread: None

heap address: 0x0000000081c00000, size: 2020 MB, Compressed Oops mode: 32-bit
Narrow klass base: 0x0000000000000000, Narrow klass shift: 3
Compressed class space size: 1073741824 Address: 0x0000000100000000

Heap:
 PSYoungGen      total 455168K, used 323788K [0x00000000d5f00000, 0x00000000f3300000, 0x0000000100000000)
  eden space 438784K, 70% used [0x00000000d5f00000,0x00000000e8b370d0,0x00000000f0b80000)
  from space 16384K, 99% used [0x00000000f2300000,0x00000000f32fc060,0x00000000f3300000)
  to   space 19968K, 0% used [0x00000000f0c00000,0x00000000f0c00000,0x00000000f1f80000)
 ParOldGen       total 115712K, used 48092K [0x0000000081c00000, 0x0000000088d00000, 0x00000000d5f00000)
  object space 115712K, 41% used [0x0000000081c00000,0x0000000084af7210,0x0000000088d00000)
 Metaspace       used 77798K, capacity 81960K, committed 82136K, reserved 1120256K
  class space    used 10767K, capacity 11476K, committed 11520K, reserved 1048576K

Card table byte_map: [0x0000000003390000,0x0000000003790000] byte_map_base: 0x0000000002f82000

Marking Bits: (ParMarkBitMap*) 0x00000000667f4ce0
 Begin Bits: [0x0000000016cd0000, 0x0000000018c60000)
 End Bits:   [0x0000000018c60000, 0x000000001abf0000)

Polling page: 0x0000000002c70000

CodeCache: size=245760Kb used=13569Kb max_used=13569Kb free=232190Kb
 bounds [0x0000000007cd0000, 0x0000000008a30000, 0x0000000016cd0000]
 total_blobs=7281 nmethods=6671 adapters=529
 compilation: enabled

Compilation events (10 events):
Event: 93.563 Thread 0x0000000006662000 nmethod 6836 0x0000000008928dd0 code [0x0000000008928f60, 0x00000000089292c8]
Event: 93.563 Thread 0x0000000006662000 6837       1       antlr.TreeParser::match (37 bytes)
Event: 93.564 Thread 0x0000000006662000 nmethod 6837 0x0000000008928950 code [0x0000000008928ac0, 0x0000000008928cd8]
Event: 93.564 Thread 0x0000000006662000 6834       1       org.hibernate.hql.internal.ast.HqlLexer::makeToken (24 bytes)
Event: 93.565 Thread 0x0000000006662000 nmethod 6834 0x0000000008928550 code [0x00000000089286c0, 0x0000000008928848]
Event: 93.565 Thread 0x0000000006662000 6835       1       org.hibernate.hql.internal.ast.HqlToken::<init> (5 bytes)
Event: 93.565 Thread 0x0000000006662000 nmethod 6835 0x0000000008928250 code [0x00000000089283a0, 0x00000000089284d0]
Event: 93.607 Thread 0x0000000006662000 6838       1       org.h2.value.ValueString::equals (30 bytes)
Event: 93.608 Thread 0x0000000006662000 nmethod 6838 0x0000000008496490 code [0x0000000008496600, 0x00000000084967e8]
Event: 93.608 Thread 0x0000000006662000 6839   !   1       org.h2.value.Value::convertTo (3662 bytes)

GC Heap History (10 events):
Event: 37.185 GC heap before
{Heap before GC invocations=15 (full 2):
 PSYoungGen      total 284160K, used 283973K [0x00000000d5f00000, 0x00000000e8500000, 0x0000000100000000)
  eden space 273408K, 100% used [0x00000000d5f00000,0x00000000e6a00000,0x00000000e6a00000)
  from space 10752K, 98% used [0x00000000e7a80000,0x00000000e84d16d8,0x00000000e8500000)
  to   space 13312K, 0% used [0x00000000e6b00000,0x00000000e6b00000,0x00000000e7800000)
 ParOldGen       total 70144K, used 24866K [0x0000000081c00000, 0x0000000086080000, 0x00000000d5f00000)
  object space 70144K, 35% used [0x0000000081c00000,0x0000000083448b60,0x0000000086080000)
 Metaspace       used 49289K, capacity 51792K, committed 51968K, reserved 1093632K
  class space    used 6622K, capacity 7087K, committed 7168K, reserved 1048576K
Event: 37.204 GC heap after
Heap after GC invocations=15 (full 2):
 PSYoungGen      total 287744K, used 11311K [0x00000000d5f00000, 0x00000000edb80000, 0x0000000100000000)
  eden space 274432K, 0% used [0x00000000d5f00000,0x00000000d5f00000,0x00000000e6b00000)
  from space 13312K, 84% used [0x00000000e6b00000,0x00000000e760bf38,0x00000000e7800000)
  to   space 14336K, 0% used [0x00000000ecd80000,0x00000000ecd80000,0x00000000edb80000)
 ParOldGen       total 70144K, used 32397K [0x0000000081c00000, 0x0000000086080000, 0x00000000d5f00000)
  object space 70144K, 46% used [0x0000000081c00000,0x0000000083ba3508,0x0000000086080000)
 Metaspace       used 49289K, capacity 51792K, committed 51968K, reserved 1093632K
  class space    used 6622K, capacity 7087K, committed 7168K, reserved 1048576K
}
Event: 38.486 GC heap before
{Heap before GC invocations=16 (full 2):
 PSYoungGen      total 287744K, used 129059K [0x00000000d5f00000, 0x00000000edb80000, 0x0000000100000000)
  eden space 274432K, 42% used [0x00000000d5f00000,0x00000000dd1fd010,0x00000000e6b00000)
  from space 13312K, 84% used [0x00000000e6b00000,0x00000000e760bf38,0x00000000e7800000)
  to   space 14336K, 0% used [0x00000000ecd80000,0x00000000ecd80000,0x00000000edb80000)
 ParOldGen       total 70144K, used 32397K [0x0000000081c00000, 0x0000000086080000, 0x00000000d5f00000)
  object space 70144K, 46% used [0x0000000081c00000,0x0000000083ba3508,0x0000000086080000)
 Metaspace       used 56455K, capacity 58964K, committed 59096K, reserved 1099776K
  class space    used 7667K, capacity 8107K, committed 8192K, reserved 1048576K
Event: 38.502 GC heap after
Heap after GC invocations=16 (full 2):
 PSYoungGen      total 374784K, used 10795K [0x00000000d5f00000, 0x00000000edc80000, 0x0000000100000000)
  eden space 360448K, 0% used [0x00000000d5f00000,0x00000000d5f00000,0x00000000ebf00000)
  from space 14336K, 75% used [0x00000000ecd80000,0x00000000ed80af68,0x00000000edb80000)
  to   space 14848K, 0% used [0x00000000ebf00000,0x00000000ebf00000,0x00000000ecd80000)
 ParOldGen       total 70144K, used 39361K [0x0000000081c00000, 0x0000000086080000, 0x00000000d5f00000)
  object space 70144K, 56% used [0x0000000081c00000,0x0000000084270538,0x0000000086080000)
 Metaspace       used 56455K, capacity 58964K, committed 59096K, reserved 1099776K
  class space    used 7667K, capacity 8107K, committed 8192K, reserved 1048576K
}
Event: 38.502 GC heap before
{Heap before GC invocations=17 (full 3):
 PSYoungGen      total 374784K, used 10795K [0x00000000d5f00000, 0x00000000edc80000, 0x0000000100000000)
  eden space 360448K, 0% used [0x00000000d5f00000,0x00000000d5f00000,0x00000000ebf00000)
  from space 14336K, 75% used [0x00000000ecd80000,0x00000000ed80af68,0x00000000edb80000)
  to   space 14848K, 0% used [0x00000000ebf00000,0x00000000ebf00000,0x00000000ecd80000)
 ParOldGen       total 70144K, used 39361K [0x0000000081c00000, 0x0000000086080000, 0x00000000d5f00000)
  object space 70144K, 56% used [0x0000000081c00000,0x0000000084270538,0x0000000086080000)
 Metaspace       used 56455K, capacity 58964K, committed 59096K, reserved 1099776K
  class space    used 7667K, capacity 8107K, committed 8192K, reserved 1048576K
Event: 38.757 GC heap after
Heap after GC invocations=17 (full 3):
 PSYoungGen      total 374784K, used 0K [0x00000000d5f00000, 0x00000000edc80000, 0x0000000100000000)
  eden space 360448K, 0% used [0x00000000d5f00000,0x00000000d5f00000,0x00000000ebf00000)
  from space 14336K, 0% used [0x00000000ecd80000,0x00000000ecd80000,0x00000000edb80000)
  to   space 14848K, 0% used [0x00000000ebf00000,0x00000000ebf00000,0x00000000ecd80000)
 ParOldGen       total 115712K, used 44349K [0x0000000081c00000, 0x0000000088d00000, 0x00000000d5f00000)
  object space 115712K, 38% used [0x0000000081c00000,0x000000008474f4a8,0x0000000088d00000)
 Metaspace       used 56455K, capacity 58964K, committed 59096K, reserved 1099776K
  class space    used 7667K, capacity 8107K, committed 8192K, reserved 1048576K
}
Event: 41.634 GC heap before
{Heap before GC invocations=18 (full 3):
 PSYoungGen      total 374784K, used 360448K [0x00000000d5f00000, 0x00000000edc80000, 0x0000000100000000)
  eden space 360448K, 100% used [0x00000000d5f00000,0x00000000ebf00000,0x00000000ebf00000)
  from space 14336K, 0% used [0x00000000ecd80000,0x00000000ecd80000,0x00000000edb80000)
  to   space 14848K, 0% used [0x00000000ebf00000,0x00000000ebf00000,0x00000000ecd80000)
 ParOldGen       total 115712K, used 44349K [0x0000000081c00000, 0x0000000088d00000, 0x00000000d5f00000)
  object space 115712K, 38% used [0x0000000081c00000,0x000000008474f4a8,0x0000000088d00000)
 Metaspace       used 63497K, capacity 66676K, committed 66904K, reserved 1107968K
  class space    used 8703K, capacity 9261K, committed 9344K, reserved 1048576K
Event: 41.657 GC heap after
Heap after GC invocations=18 (full 3):
 PSYoungGen      total 375296K, used 14062K [0x00000000d5f00000, 0x00000000f3300000, 0x0000000100000000)
  eden space 360448K, 0% used [0x00000000d5f00000,0x00000000d5f00000,0x00000000ebf00000)
  from space 14848K, 94% used [0x00000000ebf00000,0x00000000eccbb9a8,0x00000000ecd80000)
  to   space 16384K, 0% used [0x00000000f2300000,0x00000000f2300000,0x00000000f3300000)
 ParOldGen       total 115712K, used 44357K [0x0000000081c00000, 0x0000000088d00000, 0x00000000d5f00000)
  object space 115712K, 38% used [0x0000000081c00000,0x00000000847514a8,0x0000000088d00000)
 Metaspace       used 63497K, capacity 66676K, committed 66904K, reserved 1107968K
  class space    used 8703K, capacity 9261K, committed 9344K, reserved 1048576K
}
Event: 46.088 GC heap before
{Heap before GC invocations=19 (full 3):
 PSYoungGen      total 375296K, used 374510K [0x00000000d5f00000, 0x00000000f3300000, 0x0000000100000000)
  eden space 360448K, 100% used [0x00000000d5f00000,0x00000000ebf00000,0x00000000ebf00000)
  from space 14848K, 94% used [0x00000000ebf00000,0x00000000eccbb9a8,0x00000000ecd80000)
  to   space 16384K, 0% used [0x00000000f2300000,0x00000000f2300000,0x00000000f3300000)
 ParOldGen       total 115712K, used 44357K [0x0000000081c00000, 0x0000000088d00000, 0x00000000d5f00000)
  object space 115712K, 38% used [0x0000000081c00000,0x00000000847514a8,0x0000000088d00000)
 Metaspace       used 69499K, capacity 73220K, committed 73432K, reserved 1112064K
  class space    used 9579K, capacity 10196K, committed 10240K, reserved 1048576K
Event: 46.111 GC heap after
Heap after GC invocations=19 (full 3):
 PSYoungGen      total 455168K, used 16368K [0x00000000d5f00000, 0x00000000f3300000, 0x0000000100000000)
  eden space 438784K, 0% used [0x00000000d5f00000,0x00000000d5f00000,0x00000000f0b80000)
  from space 16384K, 99% used [0x00000000f2300000,0x00000000f32fc060,0x00000000f3300000)
  to   space 19968K, 0% used [0x00000000f0c00000,0x00000000f0c00000,0x00000000f1f80000)
 ParOldGen       total 115712K, used 48092K [0x0000000081c00000, 0x0000000088d00000, 0x00000000d5f00000)
  object space 115712K, 41% used [0x0000000081c00000,0x0000000084af7210,0x0000000088d00000)
 Metaspace       used 69499K, capacity 73220K, committed 73432K, reserved 1112064K
  class space    used 9579K, capacity 10196K, committed 10240K, reserved 1048576K
}

Deoptimization events (0 events):
No events

Classes redefined (0 events):
No events

Internal exceptions (10 events):
Event: 57.130 Thread 0x000000001dd6e000 Exception <a 'java/lang/ArrayIndexOutOfBoundsException'> (0x00000000e6a31b10) thrown at [C:\re\workspace\8-2-build-windows-amd64-cygwin\jdk8u201\12322\hotspot\src\share\vm\runtime\sharedRuntime.cpp, line 605]
Event: 57.131 Thread 0x000000001dd6e000 Exception <a 'java/lang/ArrayIndexOutOfBoundsException'> (0x00000000e6a350d8) thrown at [C:\re\workspace\8-2-build-windows-amd64-cygwin\jdk8u201\12322\hotspot\src\share\vm\runtime\sharedRuntime.cpp, line 605]
Event: 57.132 Thread 0x000000001dd6e000 Exception <a 'java/lang/ArrayIndexOutOfBoundsException'> (0x00000000e6a386a0) thrown at [C:\re\workspace\8-2-build-windows-amd64-cygwin\jdk8u201\12322\hotspot\src\share\vm\runtime\sharedRuntime.cpp, line 605]
Event: 66.155 Thread 0x000000001dd6b800 Exception <a 'java/net/SocketTimeoutException': Read timed out> (0x00000000e3552378) thrown at [C:\re\workspace\8-2-build-windows-amd64-cygwin\jdk8u201\12322\hotspot\src\share\vm\prims\jni.cpp, line 735]
Event: 80.116 Thread 0x00000000202cb000 Exception <a 'java/net/SocketTimeoutException': Read timed out> (0x00000000e8050dc8) thrown at [C:\re\workspace\8-2-build-windows-amd64-cygwin\jdk8u201\12322\hotspot\src\share\vm\prims\jni.cpp, line 735]
Event: 81.156 Thread 0x000000001dd6b800 Exception <a 'java/net/SocketTimeoutException': Read timed out> (0x00000000e35525d0) thrown at [C:\re\workspace\8-2-build-windows-amd64-cygwin\jdk8u201\12322\hotspot\src\share\vm\prims\jni.cpp, line 735]
Event: 93.452 Thread 0x000000001b699800 Exception <a 'java/lang/ArrayIndexOutOfBoundsException'> (0x00000000e83fecf8) thrown at [C:\re\workspace\8-2-build-windows-amd64-cygwin\jdk8u201\12322\hotspot\src\share\vm\runtime\sharedRuntime.cpp, line 605]
Event: 93.453 Thread 0x000000001b699800 Exception <a 'java/lang/ArrayIndexOutOfBoundsException'> (0x00000000e8401ae0) thrown at [C:\re\workspace\8-2-build-windows-amd64-cygwin\jdk8u201\12322\hotspot\src\share\vm\runtime\sharedRuntime.cpp, line 605]
Event: 93.566 Thread 0x000000001b699800 Exception <a 'java/lang/NoSuchMethodError': java.lang.Object.lambda$mapIfAllPresent$6(Ljava/util/Optional;Ljava/util/function/BiFunction;Ljava/lang/Object;)Ljava/util/Optional;> (0x00000000e8914678) thrown at [C:\re\workspace\8-2-build-windows-amd64-cygwi
Event: 93.569 Thread 0x000000001b699800 Exception <a 'java/lang/NoSuchMethodError': java.lang.Object.lambda$null$5(Ljava/util/function/BiFunction;Ljava/lang/Object;Ljava/lang/Object;)Ljava/lang/Object;> (0x00000000e89190d8) thrown at [C:\re\workspace\8-2-build-windows-amd64-cygwin\jdk8u201\1232

Events (10 events):
Event: 93.618 Thread 0x000000001b699800 DEOPT PACKING pc=0x00000000081eed7c sp=0x000000002345b500
Event: 93.618 Thread 0x000000001b699800 DEOPT UNPACKING pc=0x0000000007d17890 sp=0x000000002345b320 mode 1
Event: 93.619 loading class org/springframework/http/RequestEntity
Event: 93.619 loading class org/springframework/http/RequestEntity done
Event: 93.619 Thread 0x000000001b699800 DEOPT PACKING pc=0x0000000007ef8d09 sp=0x000000002345b300
Event: 93.619 Thread 0x000000001b699800 DEOPT UNPACKING pc=0x0000000007d17890 sp=0x000000002345b050 mode 1
Event: 93.619 Thread 0x000000001b699800 DEOPT PACKING pc=0x00000000081eee34 sp=0x000000002345b380
Event: 93.619 Thread 0x000000001b699800 DEOPT UNPACKING pc=0x0000000007d17890 sp=0x000000002345b1a0 mode 1
Event: 93.619 Thread 0x000000001b699800 DEOPT PACKING pc=0x00000000081eed7c sp=0x000000002345b510
Event: 93.619 Thread 0x000000001b699800 DEOPT UNPACKING pc=0x0000000007d17890 sp=0x000000002345b330 mode 1


Dynamic libraries:
0x00007ff680ee0000 - 0x00007ff680f17000 	C:\Program Files\Java\jdk1.8.0_201\bin\javaw.exe
0x00007ffafd670000 - 0x00007ffafd851000 	C:\WINDOWS\SYSTEM32\ntdll.dll
0x00007ffafb5a0000 - 0x00007ffafb652000 	C:\WINDOWS\System32\KERNEL32.DLL
0x00007ffaf9be0000 - 0x00007ffaf9e53000 	C:\WINDOWS\System32\KERNELBASE.dll
0x00007ffaf6f50000 - 0x00007ffaf6fdb000 	C:\WINDOWS\SYSTEM32\apphelp.dll
0x00007ffae8d60000 - 0x00007ffae8dba000 	C:\WINDOWS\SYSTEM32\AcGenral.DLL
0x00007ffafbb10000 - 0x00007ffafbbae000 	C:\WINDOWS\System32\msvcrt.dll
0x00007ffafd580000 - 0x00007ffafd5db000 	C:\WINDOWS\System32\sechost.dll
0x00007ffafb470000 - 0x00007ffafb594000 	C:\WINDOWS\System32\RPCRT4.dll
0x00007ffafd340000 - 0x00007ffafd391000 	C:\WINDOWS\System32\SHLWAPI.dll
0x00007ffafb660000 - 0x00007ffafb982000 	C:\WINDOWS\System32\combase.dll
0x00007ffaf9f30000 - 0x00007ffafa02a000 	C:\WINDOWS\System32\ucrtbase.dll
0x00007ffafaa30000 - 0x00007ffafaaaa000 	C:\WINDOWS\System32\bcryptPrimitives.dll
0x00007ffafd3c0000 - 0x00007ffafd3e8000 	C:\WINDOWS\System32\GDI32.dll
0x00007ffaf9a40000 - 0x00007ffaf9bd2000 	C:\WINDOWS\System32\gdi32full.dll
0x00007ffafa030000 - 0x00007ffafa0cf000 	C:\WINDOWS\System32\msvcp_win.dll
0x00007ffafd3f0000 - 0x00007ffafd580000 	C:\WINDOWS\System32\USER32.dll
0x00007ffaf9e60000 - 0x00007ffaf9e80000 	C:\WINDOWS\System32\win32u.dll
0x00007ffafabf0000 - 0x00007ffafad41000 	C:\WINDOWS\System32\ole32.dll
0x00007ffafbef0000 - 0x00007ffafd330000 	C:\WINDOWS\System32\SHELL32.dll
0x00007ffafaab0000 - 0x00007ffafaaf9000 	C:\WINDOWS\System32\cfgmgr32.dll
0x00007ffafad50000 - 0x00007ffafadf9000 	C:\WINDOWS\System32\shcore.dll
0x00007ffafa320000 - 0x00007ffafaa2d000 	C:\WINDOWS\System32\windows.storage.dll
0x00007ffafb250000 - 0x00007ffafb2f1000 	C:\WINDOWS\System32\advapi32.dll
0x00007ffaf9a00000 - 0x00007ffaf9a11000 	C:\WINDOWS\System32\kernel.appcore.dll
0x00007ffaf9a20000 - 0x00007ffaf9a3f000 	C:\WINDOWS\System32\profapi.dll
0x00007ffaf9980000 - 0x00007ffaf99cc000 	C:\WINDOWS\System32\powrprof.dll
0x00007ffaf99d0000 - 0x00007ffaf99da000 	C:\WINDOWS\System32\FLTLIB.DLL
0x00007ffaf9880000 - 0x00007ffaf98b0000 	C:\WINDOWS\SYSTEM32\SspiCli.dll
0x00007ffaf98b0000 - 0x00007ffaf98d8000 	C:\WINDOWS\SYSTEM32\USERENV.dll
0x00007ffae5100000 - 0x00007ffae511a000 	C:\WINDOWS\SYSTEM32\MPR.dll
0x00007ffafbe60000 - 0x00007ffafbe8d000 	C:\WINDOWS\System32\IMM32.DLL
0x0000000069140000 - 0x00000000691d5000 	C:\WINDOWS\System32\SYSFER.DLL
0x00007ffaeb930000 - 0x00007ffaebb99000 	C:\WINDOWS\WinSxS\amd64_microsoft.windows.common-controls_6595b64144ccf1df_6.0.17134.523_none_fb409dd930672a56\COMCTL32.dll
0x00007ffaf84d0000 - 0x00007ffaf8640000 	C:\Program Files\Avecto\Privilege Guard Client\PGHook.dll
0x00007ffaf93c0000 - 0x00007ffaf93d7000 	C:\WINDOWS\SYSTEM32\CRYPTSP.dll
0x00007ffaf8b70000 - 0x00007ffaf8ba3000 	C:\WINDOWS\system32\rsaenh.dll
0x00007ffaf94e0000 - 0x00007ffaf9505000 	C:\WINDOWS\SYSTEM32\bcrypt.dll
0x00007ffaf9310000 - 0x00007ffaf931b000 	C:\WINDOWS\SYSTEM32\CRYPTBASE.dll
0x0000000068000000 - 0x0000000068066000 	C:\WINDOWS\System32\QIPCAP64.dll
0x00007ffaf8f90000 - 0x00007ffaf904e000 	C:\WINDOWS\SYSTEM32\DNSAPI.dll
0x00007ffafbbb0000 - 0x00007ffafbc1c000 	C:\WINDOWS\System32\WS2_32.dll
0x00007ffafbdd0000 - 0x00007ffafbdd8000 	C:\WINDOWS\System32\NSI.dll
0x00007ffaf8f40000 - 0x00007ffaf8f78000 	C:\WINDOWS\SYSTEM32\IPHLPAPI.DLL
0x0000000067e70000 - 0x0000000067f41000 	C:\Program Files\Java\jdk1.8.0_201\jre\bin\msvcr100.dll
0x0000000065fd0000 - 0x0000000066874000 	C:\Program Files\Java\jdk1.8.0_201\jre\bin\server\jvm.dll
0x0000000002c30000 - 0x0000000002c38000 	C:\WINDOWS\System32\PSAPI.DLL
0x00007ffae5f20000 - 0x00007ffae5f29000 	C:\WINDOWS\SYSTEM32\WSOCK32.dll
0x00007ffaf7010000 - 0x00007ffaf7033000 	C:\WINDOWS\SYSTEM32\WINMM.dll
0x00007ffaf89b0000 - 0x00007ffaf89ba000 	C:\WINDOWS\SYSTEM32\VERSION.dll
0x00007ffaf6fe0000 - 0x00007ffaf700a000 	C:\WINDOWS\SYSTEM32\WINMMBASE.dll
0x00007ffaf55f0000 - 0x00007ffaf55ff000 	C:\Program Files\Java\jdk1.8.0_201\jre\bin\verify.dll
0x00007ffaea090000 - 0x00007ffaea0b9000 	C:\Program Files\Java\jdk1.8.0_201\jre\bin\java.dll
0x00007ffacf860000 - 0x00007ffacf8ca000 	C:\Program Files\Manufacturer\Endpoint Agent\prntm64.dll
0x00007ffafb300000 - 0x00007ffafb3c2000 	C:\WINDOWS\System32\OLEAUT32.dll
0x00007ffaf89c0000 - 0x00007ffaf89cc000 	C:\WINDOWS\SYSTEM32\Secur32.dll
0x00007ffae8460000 - 0x00007ffae84e5000 	C:\WINDOWS\SYSTEM32\WINSPOOL.DRV
0x00007ffae4620000 - 0x00007ffae470f000 	C:\WINDOWS\SYSTEM32\MSVCR120.dll
0x00007ffae48e0000 - 0x00007ffae4986000 	C:\WINDOWS\SYSTEM32\MSVCP120.dll
0x00007ffaeca20000 - 0x00007ffaecbd4000 	C:\WINDOWS\SYSTEM32\PROPSYS.dll
0x00007ffae9290000 - 0x00007ffae92c5000 	C:\Program Files\Java\jdk1.8.0_201\jre\bin\jdwp.dll
0x00007ffaf00b0000 - 0x00007ffaf00b8000 	C:\Program Files\Java\jdk1.8.0_201\jre\bin\npt.dll
0x00007ffaf55d0000 - 0x00007ffaf55e6000 	C:\Program Files\Java\jdk1.8.0_201\jre\bin\zip.dll
0x00007ffaebd80000 - 0x00007ffaebd89000 	C:\Program Files\Java\jdk1.8.0_201\jre\bin\dt_socket.dll
0x00007ffadf9d0000 - 0x00007ffadf9e6000 	C:\WINDOWS\system32\napinsp.dll
0x00007ffade220000 - 0x00007ffade23a000 	C:\WINDOWS\system32\pnrpnsp.dll
0x00007ffaf5590000 - 0x00007ffaf55a9000 	C:\WINDOWS\system32\NLAapi.dll
0x00007ffaf91b0000 - 0x00007ffaf9216000 	C:\WINDOWS\System32\mswsock.dll
0x00007ffade210000 - 0x00007ffade21e000 	C:\WINDOWS\System32\winrnr.dll
0x00007ffaefed0000 - 0x00007ffaeff42000 	C:\WINDOWS\System32\fwpuclnt.dll
0x00007ffae8bf0000 - 0x00007ffae8bfa000 	C:\Windows\System32\rasadhlp.dll
0x00007ffaef080000 - 0x00007ffaef08d000 	C:\Program Files\Java\jdk1.8.0_201\jre\bin\management.dll
0x00007ffae9a60000 - 0x00007ffae9a7a000 	C:\Program Files\Java\jdk1.8.0_201\jre\bin\net.dll
0x00007ffaed030000 - 0x00007ffaed1f9000 	C:\WINDOWS\SYSTEM32\urlmon.dll
0x00007ffaed7c0000 - 0x00007ffaeda65000 	C:\WINDOWS\SYSTEM32\iertutil.dll
0x00007ffae9a40000 - 0x00007ffae9a51000 	C:\Program Files\Java\jdk1.8.0_201\jre\bin\nio.dll
0x00007ffaf03a0000 - 0x00007ffaf03b6000 	C:\WINDOWS\SYSTEM32\dhcpcsvc6.DLL
0x00007ffaf0380000 - 0x00007ffaf039a000 	C:\WINDOWS\SYSTEM32\dhcpcsvc.DLL
0x00007ffae5e30000 - 0x00007ffae5e54000 	C:\Program Files\Java\jdk1.8.0_201\jre\bin\sunec.dll

VM Arguments:
jvm_args: -agentlib:jdwp=transport=dt_socket,suspend=y,address=localhost:62771 -Dcom.sun.management.jmxremote -Dcom.sun.management.jmxremote.port=62770 -Dcom.sun.management.jmxremote.authenticate=false -Dcom.sun.management.jmxremote.ssl=false -Djava.rmi.server.hostname=localhost -Dspring.liveBeansView.mbeanDomain -Dspring.application.admin.enabled=true -Xverify:none -XX:TieredStopAtLevel=1 -Dfile.encoding=UTF-8 
java_command: br.com.adslima.ExpenseManagementQueryApplication --spring.output.ansi.enabled=always
java_class_path (initial): C:\Users\andrews.silva\Desktop\TestBackJava\Expense-Management-api\expense-management-query\target\classes;C:\Program Files\Java\jdk1.8.0_201\lib\tools.jar;C:\Users\andrews.silva\.m2\repository\org\springframework\boot\spring-boot-starter-actuator\2.0.4.RELEASE\spring-boot-starter-actuator-2.0.4.RELEASE.jar;C:\Users\andrews.silva\.m2\repository\org\springframework\boot\spring-boot-starter\2.0.4.RELEASE\spring-boot-starter-2.0.4.RELEASE.jar;C:\Users\andrews.silva\.m2\repository\org\springframework\boot\spring-boot\2.0.4.RELEASE\spring-boot-2.0.4.RELEASE.jar;C:\Users\andrews.silva\.m2\repository\org\springframework\boot\spring-boot-autoconfigure\2.0.4.RELEASE\spring-boot-autoconfigure-2.0.4.RELEASE.jar;C:\Users\andrews.silva\.m2\repository\org\springframework\boot\spring-boot-starter-logging\2.0.4.RELEASE\spring-boot-starter-logging-2.0.4.RELEASE.jar;C:\Users\andrews.silva\.m2\repository\ch\qos\logback\logback-classic\1.2.3\logback-classic-1.2.3.jar;C:\Users\andrews.silva\.m2\repository\ch\qos\logback\logback-core\1.2.3\logback-core-1.2.3.jar;C:\Users\andrews.silva\.m2\repository\org\apache\logging\log4j\log4j-to-slf4j\2.10.0\log4j-to-slf4j-2.10.0.jar;C:\Users\andrews.silva\.m2\repository\org\apache\logging\log4j\log4j-api\2.10.0\log4j-api-2.10.0.jar;C:\Users\andrews.silva\.m2\repository\org\slf4j\jul-to-slf4j\1.7.25\jul-to-slf4j-1.7.25.jar;C:\Users\andrews.silva\.m2\repository\javax\annotation\javax.annotation-api\1.3.2\javax.annotation-api-1.3.2.jar;C:\Users\andrews.silva\.m2\repository\org\yaml\snakeyaml\1.19\snakeyaml-1.19.jar;C:\Users\andrews.silva\.m2\repository\org\springframework\boot\spring-boot-actuator-autoconfigure\2.0.4.RELEASE\spring-boot-actuator-autoconfigure-2.0.4.RELEASE.jar;C:\Users\andrews.silva\.m2\repository\org\springframework\boot\spring-boot-actuator\2.0.4.RELEASE\spring-boot-actuator-2.0.4.RELEASE.jar;C:\Users\andrews.silva\.m2\repository\com\fasterxml\jackson\datatype\jackson-datatype-jsr310\2.9.6\jackson-datatyp
Launcher Type: SUN_STANDARD

Environment Variables:
JAVA_HOME=C:\Program Files\Java\jdk1.8.0_201
PATH=C:\Program Files\Java\jdk1.8.0_201\jre\bin;C:/Program Files/Java/jre1.8.0_201/bin/server;C:/Program Files/Java/jre1.8.0_201/bin;C:/Program Files/Java/jre1.8.0_201/lib/amd64;C:\Program Files (x86)\Intel\iCLS Client\;C:\ProgramData\DockerDesktop\version-bin;C:\Program Files\Docker\Docker\Resources\bin;C:\Program Files (x86)\Common Files\Oracle\Java\javapath;C:\ProgramData\Oracle\Java\javapath;C:\Program Files\Intel\iCLS Client\;C:\WINDOWS\system32;C:\WINDOWS;C:\WINDOWS\System32\Wbem;C:\WINDOWS\System32\WindowsPowerShell\v1.0\;C:\Program Files\Java\jdk1.8.0_201\bin;C:\maven\apache-maven-3.6.0\bin\bin;C:\WINDOWS\System32\OpenSSH\;C:\Program Files\Intel\WiFi\bin\;C:\Program Files\Common Files\Intel\WirelessCommon\;C:\maven\apache-maven-3.6.0\bin;C:\Program Files (x86)\Intel\Intel(R) Management Engine Components\DAL;C:\Program Files\Intel\Intel(R) Management Engine Components\DAL;C:\Program Files (x86)\Intel\Intel(R) Management Engine Components\IPT;C:\Program Files\Intel\Intel(R) Management Engine Components\IPT;C:\forge\FORGE_HOME\bin;C:\Program Files\Java\jdk1.8.0_201\bin;C:\Users\andrews.silva\AppData\Local\Programs\Microsoft VS Code\bin;C:\Users\andrews.silva\AppData\Local\Microsoft\WindowsApps;;C:\Users\andrews.silva\OneDrive - Accenture\Notebooks\backup\Download\spring-tool-suite-3.8.4.RELEASE-e4.6.3-win32-x86_64\sts-bundle\sts-3.8.4.RELEASE;
USERNAME=andrews.silva
OS=Windows_NT
PROCESSOR_IDENTIFIER=Intel64 Family 6 Model 142 Stepping 9, GenuineIntel



---------------  S Y S T E M  ---------------

OS: Windows 10.0 , 64 bit Build 17134 (10.0.17134.1)

CPU:total 4 (initial active 4) (2 cores per cpu, 2 threads per core) family 6 model 142 stepping 9, cmov, cx8, fxsr, mmx, sse, sse2, sse3, ssse3, sse4.1, sse4.2, popcnt, avx, avx2, aes, clmul, erms, rtm, 3dnowpref, lzcnt, ht, tsc, tscinvbit, bmi1, bmi2, adx

Memory: 4k page, physical 8267884k(345972k free), swap 23642280k(740k free)

vm_info: Java HotSpot(TM) 64-Bit Server VM (25.201-b09) for windows-amd64 JRE (1.8.0_201-b09), built on Dec 15 2018 18:36:39 by "java_re" with MS VC++ 10.0 (VS2010)

time: Sun Feb 17 02:16:17 2019
timezone: E. South America Standard Time
elapsed time: 93 seconds (0d 0h 1m 33s)

